<?xml version="1.0" encoding="UTF-8"?>
<Site BuildName="Win32-mingw32-make"
	BuildStamp="20211203-1152-Experimental"
	Name="DESKTOP-C7FE65F"
	Generator="ctest-3.22.0"
	CompilerName="C:/MinGW/bin/g++.exe"
	CompilerVersion="6.3.0"
	OSName="Windows"
	Hostname="DESKTOP-C7FE65F"
	OSRelease=" Personal"
	OSVersion=" (Build 19043)"
	OSPlatform="AMD64"
	Is64Bits="1"
	VendorString="GenuineIntel"
	VendorID="Intel Corporation"
	FamilyID="6"
	ModelID="14"
	ProcessorCacheSize="-1"
	NumberOfLogicalCPU="6"
	NumberOfPhysicalCPU="6"
	TotalVirtualMemory="49085"
	TotalPhysicalMemory="16317"
	LogicalProcessorsPerPhysical="1"
	ProcessorClockFrequency="2808"
	>
	<Testing>
		<StartDateTime>Dec 03 13:55 Jerusalem Standard Time</StartDateTime>
		<StartTestTime>1638532525</StartTestTime>
		<TestList/>
		<EndDateTime>Dec 03 13:55 Jerusalem Standard Time</EndDateTime>
		<EndTestTime>1638532525</EndTestTime>
		<ElapsedMinutes>0</ElapsedMinutes>
	</Testing>
</Site>
